[14-Mar-2025 00:30:00 UTC] PHP Warning:  Undefined array key "host" in /workspaces/Lab-6/.wordpress/wp-includes/pluggable.php on line 1625
[14-Mar-2025 00:57:23 UTC] PHP Fatal error:  Out of memory (allocated 39845888) (tried to allocate 2097152 bytes) in /workspaces/Lab-6/.wordpress/wp-content/plugins/ecommerce-product-catalog/modules/price/price-settings.php on line 31
[14-Mar-2025 00:57:23 UTC] PHP Fatal error:  Allowed memory size of 268435456 bytes exhausted (tried to allocate 1969974488 bytes) in /workspaces/Lab-6/.wordpress/wp-includes/Requests/src/Transport/Curl.php on line 412
[21-Mar-2025 00:33:59 UTC] PHP Warning:  Undefined variable $parent_theme_name in /workspaces/Assignment-2/.wordpress/wp-content/mu-plugins/one-click-child-theme/templates/create_child_form.php on line 18
[21-Mar-2025 00:34:00 UTC] PHP Warning:  Undefined variable $parent_theme_name in /workspaces/Assignment-2/.wordpress/wp-content/mu-plugins/one-click-child-theme/templates/create_child_form.php on line 18
[21-Mar-2025 00:37:19 UTC] PHP Parse error:  Unclosed '(' on line 14 does not match '}' in /workspaces/Assignment-2/.wordpress/wp-content/themes/chatbot/functions.php on line 15
[21-Mar-2025 00:37:19 UTC] PHP Warning:  Trying to access array offset on value of type bool in /workspaces/Assignment-2/.wordpress/wp-includes/class-wp-recovery-mode-email-service.php on line 367
[21-Mar-2025 00:37:19 UTC] PHP Warning:  Trying to access array offset on value of type bool in /workspaces/Assignment-2/.wordpress/wp-includes/class-wp-recovery-mode-email-service.php on line 368
[21-Mar-2025 00:37:19 UTC] PHP Fatal error:  Uncaught Error: Call to undefined function ic_string_contains() in /workspaces/Assignment-2/.wordpress/wp-content/plugins/ecommerce-product-catalog/includes/tracking.php:454
Stack trace:
#0 /workspaces/Assignment-2/.wordpress/wp-includes/class-wp-hook.php(324): IC_EPC_Tracking->paused_plugin_report_email(Array, 'http://localhos...')
#1 /workspaces/Assignment-2/.wordpress/wp-includes/plugin.php(205): WP_Hook->apply_filters(Array, Array)
#2 /workspaces/Assignment-2/.wordpress/wp-includes/class-wp-recovery-mode-email-service.php(223): apply_filters('recovery_mode_e...', Array, 'http://localhos...')
#3 /workspaces/Assignment-2/.wordpress/wp-includes/class-wp-recovery-mode-email-service.php(62): WP_Recovery_Mode_Email_Service->send_recovery_mode_email(86400, Array, Array)
#4 /workspaces/Assignment-2/.wordpress/wp-includes/class-wp-recovery-mode.php(185): WP_Recovery_Mode_Email_Service->maybe_send_recovery_mode_email(86400, Array, Array)
#5 /workspaces/Assignment-2/.wordpress/wp-includes/class-wp-fatal-error-handler.php(55): WP_Recovery_Mode->handle_error(Array)
#6 [internal function]: WP_Fatal_Error_Handler->handle()
#7 {main}
  thrown in /workspaces/Assignment-2/.wordpress/wp-content/plugins/ecommerce-product-catalog/includes/tracking.php on line 454
[21-Mar-2025 00:39:20 UTC] PHP Parse error:  Unmatched '}' in /workspaces/Assignment-2/.wordpress/wp-content/themes/chatbot/functions.php on line 17
[21-Mar-2025 00:40:19 UTC] PHP Parse error:  Unmatched '}' in /workspaces/Assignment-2/.wordpress/wp-content/themes/chatbot/functions.php on line 17
[21-Mar-2025 00:40:20 UTC] PHP Parse error:  Unmatched '}' in /workspaces/Assignment-2/.wordpress/wp-content/themes/chatbot/functions.php on line 17
